{"level":"info","message":"Test log SaltyBot Alpha","service":"SaltyBot","timestamp":"2022-05-13 17:59:41"}
undefined
{"level":"info","message":"Test log SaltyBot Alpha","timestamp":"2022-05-13 18:00:51"}
{"level":"info","message":"Test log SaltyBot Alpha","timestamp":"2022-05-13 18:01:31"}
{"level":"info","message":"Test log SaltyBot Alpha","timestamp":"2022-05-13 18:05:09"}
{"level":"info","message":"SaltyBot Alpha has started.","timestamp":"2022-05-13 18:07:32"}
{"level":"info","message":"SaltyBot Alpha has started.","timestamp":"2022-05-13 18:08:14"}
{"level":"info","message":"Entered into stash","timestamp":"2022-05-13 18:08:19"}
{"level":"info","message":"Entered into stash","timestamp":"2022-05-13 18:45:44"}
{"level":"info","message":"SaltyBot Alpha has started.","timestamp":"2022-05-13 18:58:01"}
{"level":"info","message":"SaltyBot Alpha has started.","timestamp":"2022-05-13 19:04:40"}
{"level":"info","message":"SaltyBot Alpha has started.","timestamp":"2022-05-13 19:05:57"}
{"level":"info","message":"Usage: command_deploy.js [-s] [-p] [-g]\nOptions:\n   -s     Deploy to the staging guild set in stageGuildId in your config.json\n   -p     Deploy to the production guild set in prodGuildId in your config.json\n   -g     Deploy globally","timestamp":"2022-05-13 19:07:12"}
{"level":"warn","message":"Usage: command_deploy.js [-s] [-p] [-g]\nOptions:\n   -s     Deploy to the staging guild set in stageGuildId in your config.json\n   -p     Deploy to the production guild set in prodGuildId in your config.json\n   -g     Deploy globally","timestamp":"2022-05-13 19:07:30"}
{"level":"info","message":"SaltyBot Alpha has started.","timestamp":"2022-05-13 19:29:17"}
{"level":"info","message":"Adding new bet to database: {\"is_open\":true,\"bet_id\":2,\"user_id\":\"122107723780325377\",\"name\":\"Best\"}","timestamp":"2022-05-13 19:29:36"}
{"level":"info","message":"Adding new choice to database: \n{\"choice_id\":3,\"bet_id\":2,\"name\":\"2\",\"num\":1}","timestamp":"2022-05-13 19:29:36"}
{"level":"info","message":"Adding new choice to database: \n{\"choice_id\":4,\"bet_id\":2,\"name\":\"3\",\"num\":2}","timestamp":"2022-05-13 19:29:36"}
{"level":"error","message":"Cannot read properties of undefined (reading '1')","stack":"TypeError: Cannot read properties of undefined (reading '1')\n    at formatTable (C:\\Programming\\SaltyBot\\utils.js:26:34)\n    at Object.execute (C:\\Programming\\SaltyBot\\commands\\open_bet.js:85:27)\n    at async Client.<anonymous> (C:\\Programming\\SaltyBot\\SaltyBot.js:36:3)","timestamp":"2022-05-13 19:29:36"}
{"level":"info","message":"SaltyBot Alpha has started.","timestamp":"2022-05-13 19:31:20"}
{"level":"info","message":"Adding new bet to database: {\"is_open\":true,\"bet_id\":3,\"user_id\":\"122107723780325377\",\"name\":\"Fuck\"}","timestamp":"2022-05-13 19:31:26"}
{"level":"info","message":"Adding new choice to database: \n{\"choice_id\":5,\"bet_id\":3,\"name\":\"this\",\"num\":1}","timestamp":"2022-05-13 19:31:26"}
{"level":"info","message":"Adding new choice to database: \n{\"choice_id\":6,\"bet_id\":3,\"name\":\"shit\",\"num\":2}","timestamp":"2022-05-13 19:31:26"}
{"level":"error","message":"Cannot read properties of undefined (reading '1')","stack":"TypeError: Cannot read properties of undefined (reading '1')\n    at formatTable (C:\\Programming\\SaltyBot\\utils.js:26:34)\n    at Object.execute (C:\\Programming\\SaltyBot\\commands\\open_bet.js:85:27)\n    at async Client.<anonymous> (C:\\Programming\\SaltyBot\\SaltyBot.js:36:3)","timestamp":"2022-05-13 19:31:26"}
{"level":"info","message":"SaltyBot Alpha has started.","timestamp":"2022-05-13 19:33:24"}
{"level":"info","message":"SaltyBot Alpha has started.","timestamp":"2022-05-13 19:35:10"}
{"level":"info","message":"Adding new bet to database: {\"is_open\":true,\"bet_id\":4,\"user_id\":\"122107723780325377\",\"name\":\"Jest\"}","timestamp":"2022-05-13 19:35:32"}
{"level":"info","message":"Adding new choice to database: \n{\"choice_id\":7,\"bet_id\":4,\"name\":\"crest\",\"num\":1}","timestamp":"2022-05-13 19:35:32"}
{"level":"info","message":"Adding new choice to database: \n{\"choice_id\":8,\"bet_id\":4,\"name\":\"west\",\"num\":2}","timestamp":"2022-05-13 19:35:32"}
{"level":"debug","message":0,"timestamp":"2022-05-13 19:35:32"}
{"level":"error","message":"Cannot read properties of undefined (reading '1')","stack":"TypeError: Cannot read properties of undefined (reading '1')\n    at formatTable (C:\\Programming\\SaltyBot\\utils.js:27:34)\n    at Object.execute (C:\\Programming\\SaltyBot\\commands\\open_bet.js:85:27)\n    at async Client.<anonymous> (C:\\Programming\\SaltyBot\\SaltyBot.js:36:3)","timestamp":"2022-05-13 19:35:32"}
{"level":"info","message":"SaltyBot Alpha has started.","timestamp":"2022-05-13 19:36:26"}
{"level":"info","message":"Adding new bet to database: {\"is_open\":true,\"bet_id\":5,\"user_id\":\"122107723780325377\",\"name\":\"opening\"}","timestamp":"2022-05-13 19:36:30"}
{"level":"info","message":"Adding new choice to database: \n{\"choice_id\":9,\"bet_id\":5,\"name\":\"lots\",\"num\":1}","timestamp":"2022-05-13 19:36:30"}
{"level":"info","message":"Adding new choice to database: \n{\"choice_id\":10,\"bet_id\":5,\"name\":\"of\",\"num\":2}","timestamp":"2022-05-13 19:36:30"}
{"level":"debug","message":0,"timestamp":"2022-05-13 19:36:30"}
{"level":"debug","message":1,"timestamp":"2022-05-13 19:36:30"}
{"level":"error","message":"Cannot read properties of undefined (reading '1')","stack":"TypeError: Cannot read properties of undefined (reading '1')\n    at formatTable (C:\\Programming\\SaltyBot\\utils.js:28:34)\n    at Object.execute (C:\\Programming\\SaltyBot\\commands\\open_bet.js:85:27)\n    at async Client.<anonymous> (C:\\Programming\\SaltyBot\\SaltyBot.js:36:3)","timestamp":"2022-05-13 19:36:30"}
{"level":"info","message":"SaltyBot Alpha has started.","timestamp":"2022-05-13 19:37:02"}
{"level":"info","message":"SaltyBot Alpha has started.","timestamp":"2022-05-13 19:37:09"}
{"level":"info","message":"Adding new bet to database: {\"is_open\":true,\"bet_id\":6,\"user_id\":\"122107723780325377\",\"name\":\"lots\"}","timestamp":"2022-05-13 19:37:14"}
{"level":"info","message":"Adding new choice to database: \n{\"choice_id\":11,\"bet_id\":6,\"name\":\"of\",\"num\":1}","timestamp":"2022-05-13 19:37:14"}
{"level":"info","message":"Adding new choice to database: \n{\"choice_id\":12,\"bet_id\":6,\"name\":\"bets\",\"num\":2}","timestamp":"2022-05-13 19:37:14"}
{"level":"debug","message":0,"timestamp":"2022-05-13 19:37:14"}
{"level":"error","message":"Cannot read properties of undefined (reading '2')","stack":"TypeError: Cannot read properties of undefined (reading '2')\n    at formatTable (C:\\Programming\\SaltyBot\\utils.js:27:33)\n    at Object.execute (C:\\Programming\\SaltyBot\\commands\\open_bet.js:85:27)\n    at async Client.<anonymous> (C:\\Programming\\SaltyBot\\SaltyBot.js:36:3)","timestamp":"2022-05-13 19:37:14"}
{"level":"info","message":"SaltyBot Alpha has started.","timestamp":"2022-05-13 19:37:55"}
{"level":"info","message":"Adding new bet to database: {\"is_open\":true,\"bet_id\":7,\"user_id\":\"122107723780325377\",\"name\":\"crunk\"}","timestamp":"2022-05-13 19:38:01"}
{"level":"info","message":"Adding new choice to database: \n{\"choice_id\":13,\"bet_id\":7,\"name\":\"dunk\",\"num\":1}","timestamp":"2022-05-13 19:38:01"}
{"level":"info","message":"Adding new choice to database: \n{\"choice_id\":14,\"bet_id\":7,\"name\":\"lunk\",\"num\":2}","timestamp":"2022-05-13 19:38:01"}
{"level":"debug","message":0,"timestamp":"2022-05-13 19:38:01"}
{"level":"error","message":"Cannot read properties of undefined (reading '2')","stack":"TypeError: Cannot read properties of undefined (reading '2')\n    at formatTable (C:\\Programming\\SaltyBot\\utils.js:27:33)\n    at Object.execute (C:\\Programming\\SaltyBot\\commands\\open_bet.js:85:27)\n    at async Client.<anonymous> (C:\\Programming\\SaltyBot\\SaltyBot.js:36:3)","timestamp":"2022-05-13 19:38:02"}
{"level":"info","message":"SaltyBot Alpha has started.","timestamp":"2022-05-13 19:41:04"}
{"level":"info","message":"Adding new bet to database: {\"is_open\":true,\"bet_id\":8,\"user_id\":\"122107723780325377\",\"name\":\"should\"}","timestamp":"2022-05-13 19:41:08"}
{"level":"info","message":"Adding new choice to database: \n{\"choice_id\":15,\"bet_id\":8,\"name\":\"have\",\"num\":1}","timestamp":"2022-05-13 19:41:08"}
{"level":"info","message":"Adding new choice to database: \n{\"choice_id\":16,\"bet_id\":8,\"name\":\"done\",\"num\":2}","timestamp":"2022-05-13 19:41:08"}
{"level":"debug","message":0,"timestamp":"2022-05-13 19:41:08"}
{"level":"debug","timestamp":"2022-05-13 19:41:08"}
{"level":"error","message":"Cannot read properties of undefined (reading '1')","stack":"TypeError: Cannot read properties of undefined (reading '1')\n    at formatTable (C:\\Programming\\SaltyBot\\utils.js:28:34)\n    at Object.execute (C:\\Programming\\SaltyBot\\commands\\open_bet.js:85:27)\n    at async Client.<anonymous> (C:\\Programming\\SaltyBot\\SaltyBot.js:36:3)","timestamp":"2022-05-13 19:41:08"}
{"level":"info","message":"SaltyBot Alpha has started.","timestamp":"2022-05-13 19:43:45"}
{"level":"info","message":"Adding new bet to database: {\"is_open\":true,\"bet_id\":9,\"user_id\":\"122107723780325377\",\"name\":\"fucky\"}","timestamp":"2022-05-13 19:43:51"}
{"level":"info","message":"Adding new choice to database: \n{\"choice_id\":17,\"bet_id\":9,\"name\":\"wucky\",\"num\":1}","timestamp":"2022-05-13 19:43:51"}
{"level":"info","message":"Adding new choice to database: \n{\"choice_id\":18,\"bet_id\":9,\"name\":\"ducky\",\"num\":2}","timestamp":"2022-05-13 19:43:51"}
{"level":"info","message":"Updated Bet: {\"is_open\":true,\"bet_id\":9,\"user_id\":\"122107723780325377\",\"name\":\"fucky\",\"message_id\":\"974819168207659028\"}","timestamp":"2022-05-13 19:43:52"}
{"level":"info","message":"Updated wager: {\"wager_id\":2,\"user_id\":\"122107723780325377\",\"bet_id\":9,\"choice_id\":17,\"amount\":100}","timestamp":"2022-05-13 19:44:25"}
{"level":"info","message":" User Fish#6969 stash updated to 1800","timestamp":"2022-05-13 19:44:25"}
{"level":"info","message":"Locked bet: fucky","timestamp":"2022-05-13 19:44:40"}
{"level":"info","message":"SaltyBot Alpha has started.","timestamp":"2022-05-13 19:46:46"}
{"level":"info","message":"SaltyBot Alpha has started.","timestamp":"2022-05-13 19:47:25"}
{"level":"info","message":"SaltyBot Alpha has started.","timestamp":"2022-05-13 19:48:21"}
{"level":"info","message":"Paid out user: 150 ---> Fish#6969 Stash: 1950","timestamp":"2022-05-13 19:48:37"}
{"level":"info","message":"Destroyed all wagers, choices, and the bet associated with bet fucky","timestamp":"2022-05-13 19:48:37"}
{"level":"info","message":"Adding new bet to database: {\"is_open\":true,\"bet_id\":10,\"user_id\":\"122107723780325377\",\"name\":\"testbet\"}","timestamp":"2022-05-13 19:49:59"}
{"level":"info","message":"Adding new choice to database: \n{\"choice_id\":19,\"bet_id\":10,\"name\":\"buble\",\"num\":1}","timestamp":"2022-05-13 19:49:59"}
{"level":"info","message":"Adding new choice to database: \n{\"choice_id\":20,\"bet_id\":10,\"name\":\"fucble\",\"num\":2}","timestamp":"2022-05-13 19:49:59"}
{"level":"info","message":"Updated Bet: {\"is_open\":true,\"bet_id\":10,\"user_id\":\"122107723780325377\",\"name\":\"testbet\",\"message_id\":\"974820709060714566\"}","timestamp":"2022-05-13 19:49:59"}
{"level":"info","message":"Updated wager: {\"wager_id\":3,\"user_id\":\"122107723780325377\",\"bet_id\":10,\"choice_id\":19,\"amount\":100}","timestamp":"2022-05-13 19:50:14"}
{"level":"info","message":" User Fish#6969 stash updated to 1850","timestamp":"2022-05-13 19:50:14"}
{"level":"info","message":"Destroyed bet undefined and all assocaited choices.","timestamp":"2022-05-13 19:50:47"}
{"level":"info","message":"Refunded Wager: 100 --> Fish#6969 Stash: 1950","timestamp":"2022-05-13 19:50:47"}
{"level":"error","message":"The reply to this interaction has already been sent or deferred.","stack":"Error [INTERACTION_ALREADY_REPLIED]: The reply to this interaction has already been sent or deferred.\n    at CommandInteraction.reply (C:\\Programming\\SaltyBot\\node_modules\\discord.js\\src\\structures\\interfaces\\InteractionResponses.js:90:46)\n    at C:\\Programming\\SaltyBot\\commands\\open_bet.js:160:27","timestamp":"2022-05-13 19:50:47"}
